<?xml version="1.0" encoding="UTF-8"?>
<testng-results skipped="0" failed="0" ignored="0" total="2" passed="2">
  <reporter-output>
  </reporter-output>
  <suite name="Default suite" duration-ms="8823" started-at="2022-06-14T00:33:01 IST" finished-at="2022-06-14T00:33:09 IST">
    <groups>
      <group name="cucumber">
        <method signature="AbstractTestNGCucumberTests.runScenario(io.cucumber.testng.PickleWrapper,io.cucumber.testng.FeatureWrapper)[pri:0, instance:runners.TestNGRunner@4cf4d528]" name="runScenario" class="io.cucumber.testng.AbstractTestNGCucumberTests"/>
      </group> <!-- cucumber -->
    </groups>
    <test name="Default test" duration-ms="8823" started-at="2022-06-14T00:33:01 IST" finished-at="2022-06-14T00:33:09 IST">
      <class name="runners.TestNGRunner">
        <test-method status="PASS" signature="setUpClass(org.testng.ITestContext)[pri:0, instance:runners.TestNGRunner@4cf4d528]" name="setUpClass" is-config="true" duration-ms="103" started-at="2022-06-14T00:33:01 IST" finished-at="2022-06-14T00:33:01 IST">
          <params>
            <param index="0">
              <value>
                <![CDATA[org.testng.TestRunner@76f2bbc1]]>
              </value>
            </param>
          </params>
          <reporter-output>
          </reporter-output>
        </test-method> <!-- setUpClass -->
        <test-method status="PASS" signature="runScenario(io.cucumber.testng.PickleWrapper,io.cucumber.testng.FeatureWrapper)[pri:0, instance:runners.TestNGRunner@4cf4d528]" name="runScenario" duration-ms="8699" started-at="2022-06-14T00:33:01 IST" description="Runs Cucumber Scenarios" data-provider="scenarios" finished-at="2022-06-14T00:33:09 IST">
          <params>
            <param index="0">
              <value>
                <![CDATA["Title of Flipkart"]]>
              </value>
            </param>
            <param index="1">
              <value>
                <![CDATA["Optional[Verify Title of Flipkart]"]]>
              </value>
            </param>
          </params>
          <reporter-output>
          </reporter-output>
        </test-method> <!-- runScenario -->
        <test-method status="PASS" signature="runScenario(io.cucumber.testng.PickleWrapper,io.cucumber.testng.FeatureWrapper)[pri:0, instance:runners.TestNGRunner@4cf4d528]" name="runScenario" duration-ms="8339" started-at="2022-06-14T00:33:01 IST" description="Runs Cucumber Scenarios" data-provider="scenarios" finished-at="2022-06-14T00:33:09 IST">
          <params>
            <param index="0">
              <value>
                <![CDATA["Title of Amazon"]]>
              </value>
            </param>
            <param index="1">
              <value>
                <![CDATA["Optional[Verify Title of Amazon]"]]>
              </value>
            </param>
          </params>
          <reporter-output>
          </reporter-output>
        </test-method> <!-- runScenario -->
        <test-method status="PASS" signature="tearDownClass()[pri:0, instance:runners.TestNGRunner@4cf4d528]" name="tearDownClass" is-config="true" duration-ms="4" started-at="2022-06-14T00:33:09 IST" finished-at="2022-06-14T00:33:09 IST">
          <reporter-output>
          </reporter-output>
        </test-method> <!-- tearDownClass -->
      </class> <!-- runners.TestNGRunner -->
    </test> <!-- Default test -->
  </suite> <!-- Default suite -->
</testng-results>
